<?xml version="1.0" encoding="UTF-8"?>
<!-- Generated by org.testng.reporters.JUnitXMLReporter -->
<testsuite hostname="Aslanbeks-MacBook-Pro.local" ignored="0" name="Default test" tests="2" failures="0" timestamp="16 Apr 2018 17:51:41 GMT" time="28.828" errors="0">
  <testcase name="runScenario" time="15.097" classname="cucumber.api.testng.AbstractTestNGCucumberTests"/>
  <testcase name="runScenario" time="13.497" classname="cucumber.api.testng.AbstractTestNGCucumberTests"/>
</testsuite> <!-- Default test -->
